MONGODB [DEBUG] Logging level is currently :debug which could negatively impact client-side performance. You should set your logging level no lower than :info in production.
MONGODB [DEBUG] Logging level is currently :debug which could negatively impact client-side performance. You should set your logging level no lower than :info in production.
MONGODB [DEBUG] Logging level is currently :debug which could negatively impact client-side performance. You should set your logging level no lower than :info in production.
MONGODB [DEBUG] Logging level is currently :debug which could negatively impact client-side performance. You should set your logging level no lower than :info in production.
MONGODB [DEBUG] Logging level is currently :debug which could negatively impact client-side performance. You should set your logging level no lower than :info in production.
MONGODB [DEBUG] Logging level is currently :debug which could negatively impact client-side performance. You should set your logging level no lower than :info in production.
MONGODB [DEBUG] Logging level is currently :debug which could negatively impact client-side performance. You should set your logging level no lower than :info in production.
MONGODB [DEBUG] Logging level is currently :debug which could negatively impact client-side performance. You should set your logging level no lower than :info in production.
MONGODB (74.5ms) admin['$cmd'].find({:isMaster=>1}).limit(-1)
DEPRECATION WARNING: config.action_view.debug_rjs will be removed in 3.1, from 3.1 onwards you will need to install prototype-rails to continue to use RJS templates . (called from <top (required)> at /Users/jokeller/Code/Ruby/qwkio/config/environment.rb:5)


Started GET "/" for 127.0.0.1 at 2017-02-04 11:27:14 -0800
  Processing by HomeController#index as HTML
Rendered layouts/_menu.erb (0.4ms)
Rendered home/index.html.erb within layouts/application (7.0ms)
Completed 200 OK in 20ms (Views: 19.9ms)
MONGODB [DEBUG] Logging level is currently :debug which could negatively impact client-side performance. You should set your logging level no lower than :info in production.
MONGODB (63.5ms) admin['$cmd'].find({:isMaster=>1}).limit(-1)
DEPRECATION WARNING: config.action_view.debug_rjs will be removed in 3.1, from 3.1 onwards you will need to install prototype-rails to continue to use RJS templates . (called from <top (required)> at /Users/jokeller/Code/qwkio/config/environment.rb:5)


Started GET "/" for 127.0.0.1 at 2017-02-05 00:03:39 -0800
  Processing by HomeController#index as HTML
Rendered layouts/_menu.erb (0.3ms)
Rendered home/index.html.erb within layouts/application (4.4ms)
Completed 200 OK in 16ms (Views: 15.9ms)


Started GET "/" for 127.0.0.1 at 2017-02-05 00:03:43 -0800
  Processing by HomeController#index as HTML
Rendered layouts/_menu.erb (0.3ms)
Rendered home/index.html.erb within layouts/application (3.6ms)
Completed 200 OK in 13ms (Views: 12.3ms)


Started POST "/surveys" for 127.0.0.1 at 2017-02-05 00:03:46 -0800
  Processing by SurveysController#create as HTML
  Parameters: {"utf8"=>"✓", "authenticity_token"=>"7nHsSkcEPaWpqdiHjLkEzpcMLA4BarNXq+2+VpC62/Q=", "survey"=>"Enter your survey title here\r\n\r\nAny text you enter here will display below the title.\r\n\r\n1) Example multiple choice question\r\n[ ] One\r\n[ ] Two\r\n[ ] Three\r\n\r\n2) Example radio list question\r\n( ) One\r\n( ) Two\r\n( ) Three\r\n\r\n3) Example rating between 1-5\r\n(1) (2) (3) (4) (5)\r\n\r\n4) Example text response question\r\n___\r\n\r\n5) You can do a multi-line textbox too!\r\n___\r\n___"}
MONGODB (58.2ms) qwkio['surveyid'].find({}).limit(-1)
MONGODB (21.8ms) qwkio['$cmd'].find({:update=>"surveyid", :updates=>[{:q=>{"_id"=>0}, :u=>{"$inc"=>{:nextid=>1}}, :multi=>false}], :writeConcern=>{:w=>1}, :ordered=>true, :multi=>false, :w=>1}).limit(-1)
MONGODB (22.2ms) qwkio['surveyid'].update({"_id"=>0}, {"$inc"=>{:nextid=>1}})
MONGODB (0.1ms) qwkio['surveys'].insert({"closed"=>false, "_id"=>BSON::ObjectId('5896dc62bcef1e6d1f000001'), "surveyid"=>15007, "adminkey"=>"2y95owqm3rqrx", "rawtext"=>"Enter your survey title here\r\n\r\nAny text you enter here will display below the title.\r\n\r\n1) Example multiple choice question\r\n[ ] One\r\n[ ] Two\r\n[ ] Three\r\n\r\n2) Example radio list question\r\n( ) One\r\n( ) Two\r\n( ) Three\r\n\r\n3) Example rating between 1-5\r\n(1) (2) (3) (4) (5)\r\n\r\n4) Example text response question\r\n___\r\n\r\n5) You can do a multi-line textbox too!\r\n___\r\n___"})
Rendered layouts/_menu.erb (0.4ms)
Rendered surveys/create.html.erb within layouts/application (6.4ms)
Completed 200 OK in 131ms (Views: 17.7ms)
MONGODB [DEBUG] Logging level is currently :debug which could negatively impact client-side performance. You should set your logging level no lower than :info in production.
MONGODB (11.9ms) admin['$cmd'].find({:isMaster=>1}).limit(-1)
DEPRECATION WARNING: config.action_view.debug_rjs will be removed in 3.1, from 3.1 onwards you will need to install prototype-rails to continue to use RJS templates . (called from <top (required)> at /Users/jokeller/Code/qwkio/config/environment.rb:5)


Started GET "/" for 127.0.0.1 at 2017-02-05 00:11:58 -0800
  Processing by HomeController#index as HTML
Rendered layouts/_menu.erb (0.5ms)
Rendered home/index.html.erb within layouts/application (6.9ms)
Completed 200 OK in 20ms (Views: 19.7ms)


Started GET "/" for 127.0.0.1 at 2017-02-05 00:11:59 -0800
  Processing by HomeController#index as HTML
Rendered layouts/_menu.erb (0.6ms)
Rendered home/index.html.erb within layouts/application (6.5ms)
Completed 200 OK in 17ms (Views: 16.5ms)
